This is pdfeTeX, Version 3.141592-1.21a-2.2 (Web2C 7.5.4) (format=pdflatex 2011.9.2)  14 SEP 2011 18:30
entering extended mode
**thesis.tex
(./thesis.tex
LaTeX2e <2003/12/01>
Babel <v3.8d> and hyphenation patterns for american, french, german, ngerman, b
ahasa, basque, bulgarian, catalan, croatian, czech, danish, dutch, esperanto, e
stonian, finnish, greek, icelandic, irish, italian, latin, magyar, norsk, polis
h, portuges, romanian, russian, serbian, slovak, slovene, spanish, swedish, tur
kish, ukrainian, nohyphenation, loaded.
(/usr/share/texmf/tex/latex/koma-script/scrreprt.cls
Document Class: scrreprt 2004/09/16 v2.9t LaTeX2e KOMA document class
(/usr/share/texmf/tex/latex/koma-script/scrlfile.sty
Package: scrlfile 2004/09/16 v2.9t LaTeX2e KOMA package

Package scrlfile, 2004/09/16 v2.9t LaTeX2e KOMA package
                  Copyright (C) Markus Kohm

) (/usr/share/texmf/tex/latex/base/size12.clo
File: size12.clo 2004/02/16 v1.4f Standard LaTeX file (size option)
)
(/usr/share/texmf/tex/latex/koma-script/typearea.sty
Package: typearea 2004/09/16 v2.9t LaTeX2e KOMA package

Package typearea, 2004/09/16 v2.9t LaTeX2e KOMA package
                  Copyright (C) Frank Neukam, 1992-1994
                  Copyright (C) Markus Kohm, 1994-2002

\ta@bcor=\skip41
\ta@div=\count79
\ta@hblk=\skip42
\ta@vblk=\skip43
\ta@temp=\skip44
Package typearea Info: These are the values describing the layout:
(typearea)             DIV  = 12
(typearea)             BCOR = 0.0pt
(typearea)             \paperwidth      = 597.50793pt
(typearea)              \textwidth      = 448.13095pt
(typearea)              \columnwidth    = 0.0pt
(typearea)              \columnsep      = 0.0pt
(typearea)              DIV-departure   = -6/100
(typearea)              \evensidemargin = 2.4185pt
(typearea)              \oddsidemargin  = 2.4185pt
(typearea)             \paperheight     = 845.04694pt
(typearea)              \textheight     = 635.5pt
(typearea)              \topmargin      = -41.72441pt
(typearea)              \headheight     = 18.125pt
(typearea)              \headsep        = 21.75pt
(typearea)              \topskip        = 12.0pt
(typearea)              \footskip       = 50.75pt
(typearea)              \baselineskip   = 14.5pt
(typearea)              on input line 633.
)
\c@part=\count80
\c@chapter=\count81
\c@section=\count82
\c@subsection=\count83
\c@subsubsection=\count84
\c@paragraph=\count85
\c@subparagraph=\count86
\c@figure=\count87
\c@table=\count88
\abovecaptionskip=\skip45
\belowcaptionskip=\skip46
\c@pti@nb@sid@b@x=\box26
\bibindent=\dimen102
) (/usr/share/texmf/tex/latex/graphics/graphicx.sty
Package: graphicx 1999/02/16 v1.0f Enhanced LaTeX Graphics (DPC,SPQR)

(/usr/share/texmf/tex/latex/graphics/keyval.sty
Package: keyval 1999/03/16 v1.13 key=value parser (DPC)
\KV@toks@=\toks14
)
(/usr/share/texmf/tex/latex/graphics/graphics.sty
Package: graphics 2001/07/07 v1.0n Standard LaTeX Graphics (DPC,SPQR)

(/usr/share/texmf/tex/latex/graphics/trig.sty
Package: trig 1999/03/16 v1.09 sin cos tan (DPC)
)
(/usr/share/texmf/tex/latex/graphics/graphics.cfg
File: graphics.cfg 2005/02/03 v1.3 graphics configuration of teTeX/TeXLive
)
Package graphics Info: Driver file: pdftex.def on input line 80.

(/usr/share/texmf/tex/latex/graphics/pdftex.def
File: pdftex.def 2002/06/19 v0.03k graphics/color for pdftex
\Gread@gobject=\count89
))
\Gin@req@height=\dimen103
\Gin@req@width=\dimen104
) (./fancyheadings.sty
\headrulewidth=\dimen105
\footrulewidth=\dimen106
\plainheadrulewidth=\dimen107
\plainfootrulewidth=\dimen108
\headwidth=\dimen109
\footruleskip=\dimen110
)
(/usr/share/texmf/tex/latex/html/url.sty
Package: url 1999/03/02  ver 1.4  Verb mode for urls, email addresses, and file
 names
)
(/usr/share/texmf/tex/generic/babel/babel.sty
Package: babel 2004/11/20 v3.8d The Babel package

(/usr/share/texmf/tex/generic/babel/english.ldf
Language: english 2004/06/14 v3.3o English support from the babel system

(/usr/share/texmf/tex/generic/babel/babel.def
File: babel.def 2004/11/20 v3.8d Babel common definitions
\babel@savecnt=\count90
\U@D=\dimen111
)
\l@british = a dialect from \language\l@english 
\l@UKenglish = a dialect from \language\l@english 
\l@canadian = a dialect from \language\l@american 
\l@australian = a dialect from \language\l@british 
\l@newzealand = a dialect from \language\l@british 
)
(/usr/share/texmf/tex/generic/babel/germanb.ldf
Language: germanb 2004/02/19 v2.6k German support from the babel system
\l@austrian = a dialect from \language\l@german 
Package babel Info: Making " an active character on input line 91.
))
(/usr/share/texmf/tex/latex/base/inputenc.sty
Package: inputenc 2004/02/05 v1.0d Input encoding file

(/usr/share/texmf/tex/latex/base/latin1.def
File: latin1.def 2004/02/05 v1.0d Input encoding file
))
(/usr/share/texmf/tex/latex/tools/dcolumn.sty
Package: dcolumn 2001/05/28 v1.06 decimal alignment package (DPC)

(/usr/share/texmf/tex/latex/tools/array.sty
Package: array 2003/12/17 v2.4a Tabular extension package (FMi)
\col@sep=\dimen112
\extrarowheight=\dimen113
\NC@list=\toks15
\extratabsurround=\skip47
\backup@length=\skip48
))
(/usr/share/texmf/tex/latex/listings/listings.sty
\lst@mode=\count91
\lst@gtempboxa=\box27
\lst@token=\toks16
\lst@length=\count92
\lst@currlwidth=\dimen114
\lst@column=\count93
\lst@pos=\count94
\lst@lostspace=\dimen115
\lst@width=\dimen116
\lst@newlines=\count95
\lst@lineno=\count96
\c@lstlisting=\count97
\lst@maxwidth=\dimen117

(/usr/share/texmf/tex/latex/listings/lstpatch.sty
File: lstpatch.sty 2004/10/17 1.3b (Carsten Heinz)
)
(/usr/share/texmf/tex/latex/listings/lstmisc.sty
File: lstmisc.sty 2004/09/07 1.3 (Carsten Heinz)
\c@lstnumber=\count98
\lst@skipnumbers=\count99
\lst@framebox=\box28
)
(/usr/share/texmf/tex/latex/listings/listings.cfg
File: listings.cfg 2004/09/05 1.3 listings configuration
))
Package: listings 2004/10/17 1.3b (Carsten Heinz)
 (./mybakktitlepage.sty)
(./acronyms.tex (/usr/share/texmf/tex/latex/acronym/acronym.sty
Package: acronym 2004/11/10 v1.17 Support for acronyms (Tobias Oetiker)
\clearlist=\toks17
)) (./thesis.aux (./abstract.aux) (./introduction.aux) (./tinyos.aux) (./nesc.a
ux)
(./bigAVR6.aux) (./buildenv.aux) (./resourcesused.aux) (./relatedwork.aux)
(./designapproach.aux) (./implementation.aux) (./results.aux) (./conclusion.aux
) (./setupguide.aux) (./userguide.aux))
\openout1 = `thesis.aux'.

LaTeX Font Info:    Checking defaults for OML/cmm/m/it on input line 80.
LaTeX Font Info:    ... okay on input line 80.
LaTeX Font Info:    Checking defaults for T1/cmr/m/n on input line 80.
LaTeX Font Info:    ... okay on input line 80.
LaTeX Font Info:    Checking defaults for OT1/cmr/m/n on input line 80.
LaTeX Font Info:    ... okay on input line 80.
LaTeX Font Info:    Checking defaults for OMS/cmsy/m/n on input line 80.
LaTeX Font Info:    ... okay on input line 80.
LaTeX Font Info:    Checking defaults for OMX/cmex/m/n on input line 80.
LaTeX Font Info:    ... okay on input line 80.
LaTeX Font Info:    Checking defaults for U/cmr/m/n on input line 80.
LaTeX Font Info:    ... okay on input line 80.

(/usr/share/texmf/tex/context/base/supp-pdf.tex
(/usr/share/texmf/tex/context/base/supp-mis.tex
loading : Context Support Macros / Miscellaneous (2004.10.26)
\protectiondepth=\count100
\scratchcounter=\count101
\scratchtoks=\toks18
\scratchdimen=\dimen118
\scratchskip=\skip49
\scratchmuskip=\muskip10
\scratchbox=\box29
\scratchread=\read1
\scratchwrite=\write3
\zeropoint=\dimen119
\onepoint=\dimen120
\onebasepoint=\dimen121
\minusone=\count102
\thousandpoint=\dimen122
\onerealpoint=\dimen123
\emptytoks=\toks19
\nextbox=\box30
\nextdepth=\dimen124
\everyline=\toks20
\!!counta=\count103
\!!countb=\count104
\recursecounter=\count105
)
loading : Context Support Macros / PDF (2004.03.26)
\nofMPsegments=\count106
\nofMParguments=\count107
\MPscratchCnt=\count108
\MPscratchDim=\dimen125
\MPnumerator=\count109
\everyMPtoPDFconversion=\toks21
) (./title.tex)
LaTeX Font Info:    External font `cmex10' loaded for size
(Font)              <14.4> on input line 84.
LaTeX Font Info:    External font `cmex10' loaded for size
(Font)              <7> on input line 84.
 [1


{/usr/share/texmf-var/fonts/map/pdftex/updmap/pdftex.map}]
\openout2 = `abstract.aux'.


(./abstract.tex
LaTeX Font Info:    External font `cmex10' loaded for size
(Font)              <12> on input line 19.
LaTeX Font Info:    External font `cmex10' loaded for size
(Font)              <8> on input line 19.
LaTeX Font Info:    External font `cmex10' loaded for size
(Font)              <6> on input line 19.
 [1


]) (./thesis.toc [2



])
\tf@toc=\write4
\openout4 = `thesis.toc'.

 [3]
\openout2 = `introduction.aux'.

 (./introduction.tex
Chapter 1.
[1





]

LaTeX Warning: Reference `chapter:concepts' on page 2 undefined on input line 2
7.

) [2]
\openout2 = `tinyos.aux'.

 (./tinyos.tex
Chapter 2.
LaTeX Font Info:    Try loading font information for OMS+cmr on input line 18.
(/usr/share/texmf/tex/latex/base/omscmr.fd
File: omscmr.fd 1999/05/25 v2.5h Standard LaTeX font definitions
)
LaTeX Font Info:    Font shape `OMS/cmr/m/n' in size <12> not available
(Font)              Font shape `OMS/cmsy/m/n' tried instead on input line 18.

<pics/WeC.png, id=35, 470.75874pt x 275.0275pt>
File: pics/WeC.png Graphic file (type png)
 <use pics/WeC.png> [3




] [4 <./pics/WeC.png>] <pics/hardwareabstraction.png, id=46, 546.04pt x 541.021
26pt>
File: pics/hardwareabstraction.png Graphic file (type png)

<use pics/hardwareabstraction.png>

LaTeX Warning: `h' float specifier changed to `ht'.

[5] [6 <./pics/hardwareabstraction.png>] [7]) [8]
\openout2 = `nesc.aux'.

 (./nesc.tex
Chapter 3.
[9




] (/usr/share/texmf/tex/latex/listings/lstlang1.sty
File: lstlang1.sty 2004/09/05 1.3 listings language file
)
(/usr/share/texmf/tex/latex/listings/lstmisc.sty
File: lstmisc.sty 2004/09/07 1.3 (Carsten Heinz)
) [10]
LaTeX Font Info:    Font shape `OMS/cmr/m/n' in size <8> not available
(Font)              Font shape `OMS/cmsy/m/n' tried instead on input line 52.
LaTeX Font Info:    Try loading font information for OML+cmr on input line 53.

(/usr/share/texmf/tex/latex/base/omlcmr.fd
File: omlcmr.fd 1999/05/25 v2.5h Standard LaTeX font definitions
)
LaTeX Font Info:    Font shape `OML/cmr/m/n' in size <8> not available
(Font)              Font shape `OML/cmm/m/it' tried instead on input line 53.
 [11]
LaTeX Font Info:    External font `cmex10' loaded for size
(Font)              <5> on input line 123.

(./listings/MyPowersavingAppC.nc
LaTeX Font Info:    Font shape `OMS/cmr/m/it' in size <8> not available
(Font)              Font shape `OMS/cmsy/m/n' tried instead on input line 1.
 [12]) (./listings/MyPowersavingC.nc) [13]
[14]
LaTeX Font Info:    Font shape `OML/cmr/m/n' in size <12> not available
(Font)              Font shape `OML/cmm/m/it' tried instead on input line 203.
 [15]) [16]
\openout2 = `bigAVR6.aux'.

 (./bigAVR6.tex
Chapter 4.
<pics/bigavr6.png, id=106, 642.4pt x 530.98375pt>
File: pics/bigavr6.png Graphic file (type png)
 <use pics/bigavr6.png>)
[17




 <./pics/bigavr6.png>]
\openout2 = `buildenv.aux'.

 (./buildenv.tex
Chapter 5.
) [18




]
\openout2 = `resourcesused.aux'.

 (./resourcesused.tex
Chapter 6.
) [19




]
\openout2 = `relatedwork.aux'.

 (./relatedwork.tex
Chapter 7.
) [20




]
\openout2 = `designapproach.aux'.

 (./designapproach.tex
Chapter 8.
) [21




]
\openout2 = `implementation.aux'.

 (./implementation.tex
Chapter 9.
) [22




]
\openout2 = `results.aux'.

 (./results.tex
Chapter 10.
) [23




]
\openout2 = `conclusion.aux'.

 (./conclusion.tex
Chapter 11.
) [24




] (./thesis.bbl) [25




]
\openout2 = `setupguide.aux'.

 (./setupguide.tex
Appendix A.
[26


]) [27]
\openout2 = `userguide.aux'.

 (./userguide.tex
Appendix B.
LaTeX Font Info:    Try loading font information for OMS+cmtt on input line 31.

LaTeX Font Info:    No file OMScmtt.fd. on input line 31.

LaTeX Font Warning: Font shape `OMS/cmtt/m/n' undefined
(Font)              using `OMS/cmsy/m/n' instead
(Font)              for symbol `textbullet' on input line 31.

[28




] [29]) [30] (./thesis.aux (./abstract.aux) (./introduction.aux)
(./tinyos.aux) (./nesc.aux) (./bigAVR6.aux) (./buildenv.aux)
(./resourcesused.aux) (./relatedwork.aux) (./designapproach.aux)
(./implementation.aux) (./results.aux) (./conclusion.aux) (./setupguide.aux)
(./userguide.aux))

LaTeX Font Warning: Some font shapes were not available, defaults substituted.


LaTeX Warning: There were undefined references.

 ) 
Here is how much of TeX's memory you used:
 4250 strings out of 94500
 54870 string characters out of 1176767
 128102 words of memory out of 1000000
 7264 multiletter control sequences out of 10000+50000
 11822 words of font info for 41 fonts, out of 500000 for 2000
 580 hyphenation exceptions out of 1000
 38i,11n,61p,761b,1674s stack positions out of 1500i,500n,5000p,200000b,5000s
PDF statistics:
 159 PDF objects out of 300000
 0 named destinations out of 131072
 16 words of extra memory for PDF output out of 65536
</usr/share/texmf/fonts/type1/bluesky/cm/cmtt12.pfb></usr/share/texmf/fonts/t
ype1/bluesky/cm/cmr10.pfb></usr/share/texmf/fonts/type1/bluesky/cm/cmr7.pfb></u
sr/share/texmf/fonts/type1/bluesky/cm/cmmi12.pfb></usr/share/texmf/fonts/type1/
bluesky/cm/cmti8.pfb></usr/share/texmf/fonts/type1/bluesky/cm/cmbx8.pfb></usr/s
hare/texmf/fonts/type1/bluesky/cm/cmmi8.pfb></usr/share/texmf/fonts/type1/blues
ky/cm/cmsy8.pfb></usr/share/texmf/fonts/type1/bluesky/cm/cmr8.pfb></usr/share/t
exmf/fonts/type1/bluesky/cm/cmti12.pfb></usr/share/texmf/fonts/type1/bluesky/cm
/cmsy10.pfb></usr/share/texmf/fonts/type1/bluesky/cm/cmsl12.pfb></usr/share/tex
mf/fonts/type1/bluesky/cm/cmssbx10.pfb></usr/share/texmf/fonts/type1/bluesky/cm
/cmr12.pfb></usr/share/texmf/fonts/type1/bluesky/cm/cmbx12.pfb></usr/share/texm
f/fonts/type1/bluesky/cm/cmcsc10.pfb>
Output written on thesis.pdf (34 pages, 1047170 bytes).
