S01A00006275696C642F626967415652362F6D61696E2E73726563A6
S11300000C9449000C9468000C9468000C946800EB
S11300100C9468000C9468000C9468000C946800BC
S11300200C9468000C9468000C9468000C946800AC
S11300300C9468000C9468000C9468000C94FB0108
S11300400C94EA010C9468000C9468000C94680009
S11300500C9468000C9468000C9468000C9468007C
S11300600C9468000C9468000C9468000C9468006C
S11300700C9468000C9468000C9468000C9468005C
S11300800C9468000C9468000C94680000081C1818
S1130090141011241FBECFEFD0E1DEBFCDBF11E09D
S11300A0A0E0B1E0E2EDF6E000E00BBF02C0079093
S11300B00D92A030B107D9F711E0A0E0B1E001C082
S11300C01D92A232B107E1F70E94A9020C946803C1
S11300D00C9400008FB7F894992708958FBF089562
S11300E07FB7F89462B720911C0130911D014091B3
S11300F01E0150911F0106B601FE0FC081B792B7D1
S1130100280F311D411D511D2F5F3F4F4F4F5F4F32
S1130110290F311D411D511D04C0260F311D411DE4
S1130120511D872F99278FBFCA01B9010895282F20
S11301309FB7F894E82FFF27EF5FFE4F80818F3F32
S113014081F4E0912101E21771F40BC020931901AD
S113015004C0FF27EF5FFE4F20832093210120E09E
S113016007C025E005C0809119018F3F91F7EECFBC
S1130170892F99278FBF822F99270895EF92FF9295
S11301800F931F93E0911401E1FF2BC020910C0108
S113019030910D0140910E0150910F01E09010013A
S11301A0F09011010091120110911301621B730B65
S11301B0840B950B6E157F058007910790F0E0FF87
S11301C004C0ED7FE09314010CC02E0D3F1D401FB1
S11301D0511F20930C0130930D0140930E01509355
S11301E00F0181E00E9497001F910F91FF90EF9003
S11301F00895DF92EF92FF920F931F938FB7F894B5
S1130200282F3327D22E91B782B746B7981711F00B
S113021041FF02C02FBF6AC0809120018823E1F111
S11302200E947000E0900801F090090100910A0119
S113023010910B01209103013091040140910501BB
S1130240509106016E197F09800B910B6217730799
S11302508407950720F01092200171E01EC02E0D36
S11302603F1D401F511F80911C0190911D01A091C1
S11302701E01B0911F01281B390B4A0B5B0B273E53
S113028031054105510540F4822F223010F070E011
S113029005C070E082E002C070E086EE682F615015
S11302A000B601FCFDCF82B7681709F46F5F209197
S11302B01C0130911D0140911E0150911F01DA0172
S11302C0C9010196A11DB11D860F911DA11DB11D6E
S11302D082179307A407B50710F4622F609561BFD6
S11302E0DFBE772319F080E00E9497001F910F91E1
S11302F0FF90EF90DF900895AFB7F894BB27E1E04B
S1130300E0932001609308017093090180930A012E
S113031090930B0120930301309304014093050152
S113032050930601AFBF0E94F9000895EF92FF9227
S11303300F931F930E9470007B018C018FB7F89478
S11303409927109220018FBF8091140181FF3DC035
S113035080910C0190910D01A0910E01B0910F01BB
S1130360A8019701281B390B4A0B5B0BDA01C90161
S1130370209110013091110140911201509113010B
S1130380281B390B4A0B5B0B2F3F8FEF38078FEF7E
S113039048078FE75807C9F0121613061406150606
S11303A02CF0C801B7010E94BE000FC020931501B4
S11303B030931601409317015093180181E0809304
S11303C00701C801B7010E947C011F910F91FF90A2
S11303D0EF9008951F920F920FB60F9211248F93EE
S11303E083B783BF00B600FCFDCF8F910F900FBE83
S11303F00F901F9018951F920F920FB60F92112411
S11304002F933F934F935F936F937F938F939F9318
S1130410AF93BF93EF93FF93809100018A3F21F53F
S113042083B783BF00B600FCFDCF81B7992701963F
S1130430AA27BB2720911C0130911D0140911E0168
S113044050911F01280F391F4A1F5B1F20931C0165
S113045030931D0140931E0150931F0178940E9414
S1130460F9001092000103C08F5F80930001FF9197
S1130470EF91BF91AF919F918F917F916F915F9118
S11304804F913F912F910F900FBE0F901F90189591
S1130490EF92FF920F931F9380910701882361F5D8
S11304A020911501309116014091170150911801C6
S11304B0EFB7F894FF2760910801709109018091CA
S11304C00A0190910B01E0900301F0900401009166
S11304D00501109106016E0D7F1D801F911FEFBF56
S11304E0209315013093160140931701509318017E
S11304F0109207010E947C010E9470000E94BE00BD
S11305001F910F91FF90EF900895809119018F3FF3
S1130510E9F0282F3327F901EF5FFE4F80818093A4
S113052019018F3F11F4809321018FEF80832F3FB6
S113053069F0222319F0213021F005C00E944802FD
S113054002C00E94960181E090E0089580E090E06E
S11305500895CDEFD0E1DEBFCDBF1FB7F89442E0E0
S113056050E06FEF70E081E091E00E9461038FEF53
S1130570809319018093210181E08EBD83E083BFC4
S11305804CB55DB58AE78A8309C02CB53DB52417FF
S1130590350718F48A8181508A83A9018A818823C6
S11305A0A1F782B7898392B789819817E1F32CB5B3
S11305B03DB582B7898392B789819817E1F38CB5E9
S11305C09DB5821B930B409625E0969587952A95B9
S11305D0E1F790931B0180931A0113BE83B78EBD7C
S11305E08EB580BF12BE1DBC1CBC8FEF86BF86B704
S11305F080937C0080B7992787709070892BD1F7FE
S113060015BA8FEF84BB80E285BF0E9485028823E0
S1130610E1F780B7887080BF8BE083BF86EE81BF2F
S113062087B7826087BF0E94F9000E9485028823F1
S1130630E1F7812F99278FBF78948FB7F894482FCB
S113064055277FEFECE8F0E0C895602D1AC087B716
S1130650992783709070892B61F080B799278770F0
S11306609070892BD1F781B792B7891B8C3008F031
S113067082B785B7837E8062862B85BF7894889500
S1130680F894809119018F3F11F3282F3327F90132
S1130690EF5FFE4F8081809319018F3F11F48093A7
S11306A0210170832F3F99F24FBF222321F0213083
S11306B009F0C3CF03C00E944802BFCF0E94960135
S11306C0BCCFDC0101C06D9341505040E0F7089568
S10506D0FFCF56
S9030000FC
